       2  age
       1  belief
       1  best
       1  darkness
       1  despair
       2  epoch
       1  foolishness
       1  hope
       1  incredulity
      10  it
       1  light
      10  of
       2  season
       1  spring
      10  the
       2  times
      10  was
       1  winter
       1  wisdom
       1  worst
       2  age
       1  belief
       1  best
       1  darkness
       1  despair
       2  epoch
       1  foolishness
       1  hope
       1  incredulity
      10  it
       1  light
      10  of
       2  season
       1  spring
      10  the
       2  times
      10  was
       1  winter
       1  wisdom
       1  worst
       1  foolishness
       1  worst
       2  epoch
      10  the
       1  hope
       1  winter
       1  darkness
       1  best
       1  spring
      10  it
       1  belief
       1  light
      10  of
       1  wisdom
       2  times
       1  incredulity
       2  season
       2  age
      10  was
       1  despair
       1  despair
       1  hope
       1  incredulity
       1  best
       1  winter
       1  spring
       1  darkness
       1  belief
       2  epoch
       1  wisdom
      10  the
      10  was
       1  light
       2  times
       2  season
       1  foolishness
       2  age
       1  worst
      10  of
      10  it
       1  wisdom
       1  winter
       2  times
       2  epoch
       1  darkness
       1  spring
       1  light
      10  of
       1  belief
       2  season
       1  best
       1  incredulity
      10  was
      10  it
       1  despair
       1  foolishness
      10  the
       1  worst
       1  hope
       2  age
       1  darkness
      10  of
       1  worst
       2  age
       1  despair
       1  belief
       1  wisdom
      10  it
       1  light
       1  winter
       1  best
       2  epoch
       1  spring
       1  hope
       1  incredulity
       1  foolishness
       2  season
       2  times
      10  was
      10  the
       2  season
       2  epoch
      10  was
       1  darkness
       1  best
      10  the
       1  light
       1  winter
       1  foolishness
       1  belief
       1  incredulity
       1  hope
       1  spring
       1  wisdom
       2  age
       2  times
       1  despair
      10  of
       1  worst
      10  it
       1  worst
       1  foolishness
       2  season
       2  age
      10  it
       1  hope
       1  incredulity
      10  was
      10  of
       2  times
       1  best
       1  darkness
       1  despair
       1  wisdom
       1  winter
       1  light
      10  the
       1  spring
       1  belief
       2  epoch
