 1 368  3 386 365 370 57 60 363 372 55 62 185 334 53 64 183 162 51 66 167 160 49 68 107 84 47 70 73 82 
 4 387 366 369 58 385 364 371 56 61 362 377 54 63 184 333 52 65 182 161 50 67 110 159 48 69 90 83 46 71 
367  2 405 388 443 402 59 384 391 400 373 186 361 378 335 188 181 306 163 168 179 166 157 108 111 106 85 72 81 74 
406  5 586 403 408 389 442 401 374 383 392 399 376 187 332 345 336 189 180 305 164 109 170 115 158 89 94 91 86 45 
585 404 407 448 587 444 409 390 439 398 375 382 393 360 379 338 331 344 307 190 169 178 165 156 93 112 105 88 75 80 
 6 711 584 589 446 449 572 441 410 417 438 397 412 381 394 359 346 337 316 177 304 191 116 171 114 155 92 95 44 87 
731 590 447 710 583 588 445 450 571 440 411 416 419 396 413 380 339 330 343 308 315 176 239 154 117 130 113 104 79 76 
712  7 730 721 714 709 582 573 518 451 418 437 454 415 420 395 358 347 340 317 240 303 192 131 172 135 118 77 96 43 
591 732 713 736 729 720 715 708 581 570 517 452 495 436 455 414 421 342 329 348 309 314 175 238 153 132 129 98 103 78 
 8 737 744 733 722 735 724 685 574 519 580 569 516 453 494 435 476 357 422 341 318 241 302 193 134 173 136 119 42 97 
745 592 741 738 743 728 719 716 707 684 575 520 579 496 477 456 493 434 475 328 349 310 313 174 237 152 133 128 99 102 
740  9 746 771 734 723 752 725 686 717 688 637 568 515 578 497 478 473 356 423 312 319 242 301 194 137 140 101 120 41 
593 792 739 742 769 772 727 718 753 706 683 576 521 626 567 514 457 492 433 474 327 350 311 236 139 210 151 122 127 100 
10 747 770 791 774 751 768 765 726 687 636 689 638 577 522 625 498 479 472 355 424 243 320 209 300 195 138 141 40 121 
793 594 809 750 767 790 773 754 705 756 691 682 635 650 627 566 513 458 491 432 471 326 351 298 235 208 211 150 123 126 
748 11 794 797 808 775 766 781 764 693 704 651 690 639 634 523 624 499 480 469 354 425 244 321 212 299 196 125 142 39 
595 824 749 810 795 798 789 776 755 702 757 692 681 632 649 628 565 512 459 490 431 470 325 352 297 234 207 144 149 124 
12 827 796 823 832 807 780 763 782 777 694 703 652 647 640 633 524 623 500 481 468 353 426 245 322 213 296 197 38 143 
825 596 845 828 811 822 799 788 779 762 701 758 645 680 631 648 629 564 511 460 489 430 467 324 295 246 233 206 145 148 
846 13 826 831 844 833 806 813 800 783 778 695 700 653 646 641 622 525 528 501 482 465 294 427 254 323 214 147 198 37 
597 864 847 858 829 812 821 834 787 698 761 658 759 644 679 630 527 530 563 510 461 488 429 466 293 232 247 200 205 146 
14 859 830 843 848 857 836 805 814 801 784 699 696 659 654 619 642 621 526 529 502 483 464 255 428 253 292 215 36 199 
865 598 863 856 897 842 849 820 835 786 697 760 657 678 643 660 555 562 531 560 509 462 487 286 291 256 231 248 201 204 
860 15 884 867 862 855 898 837 804 815 802 785 662 671 618 655 620 559 538 507 486 503 484 463 262 287 252 203 216 35 
599 866 861 900 881 896 841 850 819 838 675 670 677 656 661 556 617 554 561 532 539 508 283 290 285 230 257 228 249 202 
16 883 878 885 868 899 854 895 840 803 816 663 672 615 668 613 558 541 552 537 506 485 504 263 288 261 276 251 34 217 
877 600 875 882 893 880 889 818 851 674 839 676 669 612 557 616 553 610 543 540 533 282 289 284 277 264 229 258 227 250 
874 17 886 879 888 869 894 853 890 817 664 673 548 667 614 611 542 551 536 281 272 505 278 269 222 275 260 265 218 33 
601 876 19 872 603 892 21 870 605 852 23 666 607 546 25 550 609 544 27 534 279 270 29 274 267 224 31 220 259 226 
18 873 602 887 20 871 604 891 22 665 606 547 24 549 608 545 26 535 280 271 28 273 268 223 30 221 266 225 32 219 
