    1672: KR, Seoul, Seoul (Toegye-ro) (37.561, 126.995)
     795: US, Arizona, Scottsdale (North Scottsdale) (33.6173, -111.905)
     316: UA, Kyiv, Khotyanivka (50.5972, 30.5714)
     269: TN, Tūnis, Tunis (El Menzah) (36.8225, 10.1733)
     178: CN, Jiangxi, Dunhou (27.0875, 114.904)
     174: GB, England, London (51.4742, -0.0797189)
      74: AR, Buenos Aires F.D., Buenos Aires (Retiro) (-34.5978, -58.3729)
      69: CN, Shanxi, Fenyang (37.2426, 111.857)
      61: RU, Krasnodarskiy, Krasnodar (45.0588, 38.9683)
      53: VN, Hanoi, Hanoi (21.0278, 105.834)
      51: CN, Zhejiang, Shaoxing Xian (Zhuji Shi) (29.7445, 120.19)
      47: US, Virginia, Ashburn (39.0438, -77.4874)
      37: ID, Jakarta, Jakarta (-6.18054, 106.828)
      30: IE, Leinster, Dublin (53.3498, -6.26031)
      28: PY, Central, Fernando de la Mora (Fernando Zona Sur) (-25.3386, -57.5589)
      26: BR, Paraíba, João Pessoa (Castelo Branco III) (-7.13779, -34.8459)
      23: CN, Shanghai, Huangpu Qu (31.2406, 121.483)
      22: CN, Guangdong, Guangzhou Shi (23.379, 113.763)
      20: BO, La Paz, La Paz (Macrodistrito Sur) (-16.5404, -68.0806)
      19: US, Florida, Largo (27.8764, -82.7779)
      19: FR, Île-de-France, Nanterre (48.8966, 2.22964)
      19: DE, Mecklenburg-Vorpommern, Neubrandenburg (53.5486, 13.2715)
      19: CA, British Columbia, Victoria (48.4261, -123.364)
      18: VN, Ho Chi Minh, Ho Chi Minh City (10.8231, 106.63)
      18: US, Ohio, Berea (41.3712, -81.8916)
      18: US, New Jersey, Jersey City (Newport) (40.7264, -74.0341)
      18: US, New Jersey, Fairfield (40.8837, -74.306)
      18: NL, North Holland, Amsterdam (52.3667, 4.89454)
      18: JP, Hokkaido, Sapporo (43.0667, 141.35)
      18: IT, Lombardy, Busto Arsizio (45.637, 8.82952)
      18: IN, Uttar Pradesh, Noida (28.5355, 77.391)
      18: IN, Karnataka, Bengaluru (12.9716, 77.5946)
      18: GB, England, Manchester (53.4741, -2.17589)
      18: EC, Pichincha, Sangolqui (-0.330141, -78.45)
      18: DE, Hesse, Frankfurt am Main (50.1109, 8.68213)
      18: AR, Buenos Aires F.D., Palermo (-34.5751, -58.4359)
      14: NL, North Holland, Amsterdam (Centrum) (52.3704, 4.89536)
      13: CN, Guangdong, Guangzhou (23.1291, 113.264)
      10: US, California, San Jose (Edenvale) (37.2414, -121.783)
      10: RU, St.-Petersburg, St Petersburg (59.8926, 30.4303)
      10: MX, Mexico City, Mexico City (Manantial Peña Pobre) (19.2981, -99.1825)
      10: CH, Bern, Nidau (47.129, 7.23845)
       7: NL, North Holland, Amsterdam (52.3702, 4.89517)
       7: NL, Flevoland, Dronten (52.5437, 5.70521)
       5: FR, Île-de-France, Paris (48.8714, 2.32131)
       5: CN, Beijing, Beijing (39.9042, 116.407)
       4: KR, Busan, Busan (Yeonsan-dong) (35.1816, 129.088)
       4: CN, Sichuan, Neijiang (29.5802, 105.058)
       4: BR, Minas Gerais, Araxá (-19.5906, -46.9442)
       4: BR, Alagoas, Maragogi (-9.01036, -35.2208)
       3: TH, Bangkok, Huai Khwang (Khwaeng Huai Khwang) (13.7697, 100.574)
       3: CN, Jiangsu, Suzhou (31.299, 120.585)
       2: MX, Mexico City, Mexico City (Copilco Universidad) (19.3367, -99.1873)
       2: GB, England, London (51.5074, -0.127758)
       2: CO, Bogota D.C., Bogotá (Chapinero) (4.64816, -74.0594)
       2: CN, Fujian, Qingzhou (26.4837, 117.925)
       2: CN, Beijing, Jinrongjie (Xicheng District) (39.9174, 116.361)
       1: VN, Hanoi, Hanoi (21.0308, 105.784)
       1: US, Texas, Dallas (Old East Dallas) (32.806, -96.793)
       1: US, Tennessee, Concord (35.8687, -84.1419)
       1: US, Tennessee, Celina (36.5501, -85.5052)
       1: US, South Carolina, Spartanburg (34.9496, -81.932)
       1: US, Ohio, Dayton (39.6304, -84.1805)
       1: US, Ohio, Cleveland (Edgewater) (41.4788, -81.7666)
       1: US, New York, New York (40.7831, -73.9713)
       1: US, New York, Geneva (42.868, -76.9856)
       1: US, New York, Camillus (43.0554, -76.2745)
       1: US, New York, Brooklyn (40.6579, -74.0049)
       1: US, Missouri, Kansas City (Financial District) (39.1008, -94.5812)
       1: US, Mississippi, Philadelphia (32.7707, -89.1911)
       1: US, Illinois, Harvard (42.4222, -88.6137)
       1: US, Florida, Tampa (27.9506, -82.4572)
       1: US, Florida, Sarasota (27.3708, -82.5412)
       1: US, Florida, Lake City (30.2474, -82.764)
       1: US, Florida, Destin (30.3892, -86.435)
       1: US, District of Columbia, Washington D.C. (Downtown) (38.9035, -77.0407)
       1: US, California, Los Angeles (34.1103, -118.259)
       1: US, California, Irvine (33.6846, -117.827)
       1: TR, Istanbul, Istanbul (41.0459, 28.9368)
       1: TR, Denizli, Denizli (37.7765, 29.0864)
       1: TH, Nakhon Ratchasima, Ban Cho Ho (15.0356, 102.137)
       1: TH, Bangkok, Samphanthawong (Khwaeng Bang Rak) (13.7267, 100.515)
       1: TH, Bangkok, Ratchathewi (13.759, 100.534)
       1: TH, Bangkok, Bangkok (13.7308, 100.524)
       1: SA, Ar Riyāḑ, Riyadh (24.7136, 46.6753)
       1: RU, Saratovskaya Oblast, Saratov (51.5325, 46.0057)
       1: RU, Moscow, Moscow (55.7856, 37.7092)
       1: PH, National Capital Region, Manila (14.5995, 120.984)
       1: PE, Lima, Lima (-12.0727, -77.0365)
       1: PA, Panamá, Panama City (9.01146, -79.5104)
       1: MY, Kuala Lumpur, Kuala Lumpur (Taman Tun Dr Ismail) (3.13964, 101.63)
       1: MY, Kuala Lumpur, Kuala Lumpur (Taman Lian Hoe) (3.09677, 101.676)
       1: MX, Nuevo León, San Pedro Garza Garcia (Jardines del Campestre) (25.6511, -100.343)
       1: MX, Mexico City, Mexico City (Jardines del Pedregal) (19.3067, -99.2103)
       1: KR, Seoul, Seoul (Hangang-daero) (37.536, 126.971)
       1: KR, Seoul, Seoul (Eulji-ro) (37.566, 126.993)
       1: JP, Hokkaido, Iwamizawa (43.2003, 141.76)
       1: IT, The Marches, Recanati (43.4014, 13.5522)
       1: IT, Lombardy, Milan (45.4976, 9.16745)
       1: IN, Maharashtra, Navi Mumbai (MIDC Industrial Area) (19.0652, 73.0289)
       1: IN, Maharashtra, Mumbai (Chinchpokli) (18.9833, 72.8333)
       1: HK, Wan Chai, Wanchai (22.276, 114.175)
       1: GE, T'bilisi, Tbilisi (41.6941, 44.8337)
       1: GB, Northern Ireland, Belfast (54.5898, -5.92314)
       1: GB, England, Shirley (52.4001, -1.80612)
       1: GB, England, London (51.5997, -0.196461)
       1: GB, England, London (51.514, -0.0717962)
       1: FR, Île-de-France, Clichy-sous-Bois (48.9109, 2.54615)
       1: FR, Occitanie, Saint-Jean-de-Védas (43.5819, 3.84395)
       1: FR, Occitanie, Aubais (43.7549, 4.14742)
       1: FR, Nouvelle-Aquitaine, Poitiers (46.5802, 0.340375)
       1: EC, Guayas, Guayaquil (-2.19244, -79.88)
       1: DE, North Rhine-Westphalia, Düsseldorf (Stadtbezirke 06) (51.2672, 6.8174)
       1: DE, Hesse, Darmstadt (Darmstadt-West) (49.8715, 8.64398)
       1: CN, Tianjin, Tianjin (Hebei Qu) (39.1488, 117.205)
       1: CN, Shanxi, Linfen (Yueyang) (36.2669, 111.92)
       1: CN, Liaoning, Xinmin (41.9437, 122.529)
       1: CN, Liaoning, Chaoyang Shi (Shuangta Qu) (41.5729, 120.449)
       1: CN, Jiangsu, Wuxi (31.5702, 120.297)
       1: CN, Beijing, Chaowai (Chaoyang Qu) (39.886, 116.465)
       1: CA, Quebec, Montreal (Ville-Marie) (45.5015, -73.5653)
       1: BR, São Paulo, São Bento do Sapucaí (-22.6912, -45.7282)
       1: BO, La Paz, La Paz (Macrodistrito Centro) (-16.4976, -68.1343)
